<?xml version="1.0" encoding="UTF-8"?>
<!-- Generated by org.testng.reporters.JUnitReportReporter -->
<testsuite hostname="DESKTOP-U3UA2VB" failures="1" tests="6" name="com.qa.opencart.base.AccountPageTest" time="0.255" errors="0" timestamp="27 Feb 2021 12:12:09 GMT" skipped="0">
  <testcase classname="com.qa.opencart.base.AccountPageTest" name="accountPageTitleTest" time="0.019"/>
  <testcase classname="com.qa.opencart.base.AccountPageTest" name="rightSideMenu" time="0.060"/>
  <testcase classname="com.qa.opencart.base.AccountPageTest" name="accountPageUrlTest" time="0.016"/>
  <testcase classname="com.qa.opencart.base.AccountPageTest" name="totalSectionTest" time="0.033"/>
  <testcase classname="com.qa.opencart.base.AccountPageTest" name="accountPageLogoTest" time="0.095"/>
  <testcase classname="com.qa.opencart.base.AccountPageTest" name="accountSectionList" time="0.032">
    <failure message="Lists differ at element [0]: My Account != [[ChromeDriver: chrome on WINDOWS (b0247c3fa133b0b3d88cebf15de2100a)] -&gt; xpath: //div[@id = &#039;content&#039;]/h2] expected [My Account] but found [[[ChromeDriver: chrome on WINDOWS (b0247c3fa133b0b3d88cebf15de2100a)] -&gt; xpath: //div[@id = &#039;content&#039;]/h2]]" type="java.lang.AssertionError">
      <![CDATA[java.lang.AssertionError: Lists differ at element [0]: My Account != [[ChromeDriver: chrome on WINDOWS (b0247c3fa133b0b3d88cebf15de2100a)] -> xpath: //div[@id = 'content']/h2] expected [My Account] but found [[[ChromeDriver: chrome on WINDOWS (b0247c3fa133b0b3d88cebf15de2100a)] -> xpath: //div[@id = 'content']/h2]]
at org.testng.Assert.fail(Assert.java:96)
at org.testng.Assert.failNotEquals(Assert.java:776)
at org.testng.Assert.assertEqualsImpl(Assert.java:137)
at org.testng.Assert.assertEquals(Assert.java:831)
at org.testng.Assert.assertEquals(Assert.java:796)
at com.qa.opencart.base.AccountPageTest.accountSectionList(AccountPageTest.java:44)
at java.base/jdk.internal.reflect.NativeMethodAccessorImpl.invoke0(Native Method)
at java.base/jdk.internal.reflect.NativeMethodAccessorImpl.invoke(NativeMethodAccessorImpl.java:62)
at java.base/jdk.internal.reflect.DelegatingMethodAccessorImpl.invoke(DelegatingMethodAccessorImpl.java:43)
at java.base/java.lang.reflect.Method.invoke(Method.java:566)
at org.testng.internal.MethodInvocationHelper.invokeMethod(MethodInvocationHelper.java:124)
at org.testng.internal.Invoker.invokeMethod(Invoker.java:583)
at org.testng.internal.Invoker.invokeTestMethod(Invoker.java:719)
at org.testng.internal.Invoker.invokeTestMethods(Invoker.java:989)
at org.testng.internal.TestMethodWorker.invokeTestMethods(TestMethodWorker.java:125)
at org.testng.internal.TestMethodWorker.run(TestMethodWorker.java:109)
at org.testng.TestRunner.privateRun(TestRunner.java:648)
at org.testng.TestRunner.run(TestRunner.java:505)
at org.testng.SuiteRunner.runTest(SuiteRunner.java:455)
at org.testng.SuiteRunner.access$000(SuiteRunner.java:40)
at org.testng.SuiteRunner$SuiteWorker.run(SuiteRunner.java:489)
at org.testng.internal.thread.ThreadUtil$1.call(ThreadUtil.java:52)
at java.base/java.util.concurrent.FutureTask.run(FutureTask.java:264)
at java.base/java.util.concurrent.ThreadPoolExecutor.runWorker(ThreadPoolExecutor.java:1128)
at java.base/java.util.concurrent.ThreadPoolExecutor$Worker.run(ThreadPoolExecutor.java:628)
at java.base/java.lang.Thread.run(Thread.java:834)
]]>
    </failure>
  </testcase> <!-- accountSectionList -->
</testsuite> <!-- com.qa.opencart.base.AccountPageTest -->
